-------------------------------------------------------------------------------
Test set: project.warehouse_manager.DateTest
-------------------------------------------------------------------------------
Tests run: 9, Failures: 0, Errors: 9, Skipped: 0, Time elapsed: 0.001 sec <<< FAILURE! - in project.warehouse_manager.DateTest
testGetMonth(project.warehouse_manager.DateTest)  Time elapsed: 0 sec  <<< ERROR!
java.lang.RuntimeException: null
	at project.warehouse_manager.DateTest.testGetMonth(DateTest.java:31)

testGetDateAsString(project.warehouse_manager.DateTest)  Time elapsed: 0 sec  <<< ERROR!
java.lang.RuntimeException: null
	at project.warehouse_manager.DateTest.testGetDateAsString(DateTest.java:56)

testDate(project.warehouse_manager.DateTest)  Time elapsed: 0 sec  <<< ERROR!
java.lang.RuntimeException: null
	at project.warehouse_manager.DateTest.testDate(DateTest.java:16)

testGetYear(project.warehouse_manager.DateTest)  Time elapsed: 0 sec  <<< ERROR!
java.lang.RuntimeException: null
	at project.warehouse_manager.DateTest.testGetYear(DateTest.java:41)

testGetDay(project.warehouse_manager.DateTest)  Time elapsed: 0 sec  <<< ERROR!
java.lang.RuntimeException: null
	at project.warehouse_manager.DateTest.testGetDay(DateTest.java:21)

testGetDateInTotalHours(project.warehouse_manager.DateTest)  Time elapsed: 0 sec  <<< ERROR!
java.lang.RuntimeException: null
	at project.warehouse_manager.DateTest.testGetDateInTotalHours(DateTest.java:51)

testSetYear(project.warehouse_manager.DateTest)  Time elapsed: 0 sec  <<< ERROR!
java.lang.RuntimeException: null
	at project.warehouse_manager.DateTest.testSetYear(DateTest.java:46)

testSetDay(project.warehouse_manager.DateTest)  Time elapsed: 0 sec  <<< ERROR!
java.lang.RuntimeException: null
	at project.warehouse_manager.DateTest.testSetDay(DateTest.java:26)

testSetMonth(project.warehouse_manager.DateTest)  Time elapsed: 0 sec  <<< ERROR!
java.lang.RuntimeException: null
	at project.warehouse_manager.DateTest.testSetMonth(DateTest.java:36)

