-------------------------------------------------------------------------------
Test set: project.warehouse_manager.UnitTest
-------------------------------------------------------------------------------
Tests run: 12, Failures: 4, Errors: 0, Skipped: 0, Time elapsed: 0.013 sec <<< FAILURE! - in project.warehouse_manager.UnitTest
testConstructor2(project.warehouse_manager.UnitTest)  Time elapsed: 0 sec  <<< FAILURE!
java.lang.AssertionError: expected:<0> but was:<5>
	at org.junit.Assert.fail(Assert.java:88)
	at org.junit.Assert.failNotEquals(Assert.java:743)
	at org.junit.Assert.assertEquals(Assert.java:118)
	at org.junit.Assert.assertEquals(Assert.java:555)
	at org.junit.Assert.assertEquals(Assert.java:542)
	at project.warehouse_manager.UnitTest.testConstructor2(UnitTest.java:32)

testGetDescriptionOfItems(project.warehouse_manager.UnitTest)  Time elapsed: 0 sec  <<< FAILURE!
java.lang.AssertionError: expected:<null> but was:<this is a description>
	at org.junit.Assert.fail(Assert.java:88)
	at org.junit.Assert.failNotEquals(Assert.java:743)
	at org.junit.Assert.assertEquals(Assert.java:118)
	at org.junit.Assert.assertEquals(Assert.java:144)
	at project.warehouse_manager.UnitTest.testGetDescriptionOfItems(UnitTest.java:53)

testGetNumber(project.warehouse_manager.UnitTest)  Time elapsed: 0 sec  <<< FAILURE!
java.lang.AssertionError: expected:<0> but was:<5>
	at org.junit.Assert.fail(Assert.java:88)
	at org.junit.Assert.failNotEquals(Assert.java:743)
	at org.junit.Assert.assertEquals(Assert.java:118)
	at org.junit.Assert.assertEquals(Assert.java:555)
	at org.junit.Assert.assertEquals(Assert.java:542)
	at project.warehouse_manager.UnitTest.testGetNumber(UnitTest.java:40)

testGetDeliveryDate(project.warehouse_manager.UnitTest)  Time elapsed: 0 sec  <<< FAILURE!
java.lang.AssertionError: expected:<null> but was:<project.warehouse_manager.Date@ed4dd2d>
	at org.junit.Assert.fail(Assert.java:88)
	at org.junit.Assert.failNotEquals(Assert.java:743)
	at org.junit.Assert.assertEquals(Assert.java:118)
	at org.junit.Assert.assertEquals(Assert.java:144)
	at project.warehouse_manager.UnitTest.testGetDeliveryDate(UnitTest.java:66)

