<?xml version="1.0" encoding="UTF-8"?>
<testsuite name="project.warehouse_manager.DualWarehouseManagerTest" time="0" tests="9" errors="9" skipped="0" failures="0">
  <properties>
    <property name="java.runtime.name" value="Java(TM) SE Runtime Environment"/>
    <property name="sun.boot.library.path" value="C:\Program Files\Java\jdk1.7.0_51\jre\bin"/>
    <property name="java.vm.version" value="24.51-b03"/>
    <property name="java.vm.vendor" value="Oracle Corporation"/>
    <property name="java.vendor.url" value="http://java.oracle.com/"/>
    <property name="path.separator" value=";"/>
    <property name="guice.disable.misplaced.annotation.check" value="true"/>
    <property name="java.vm.name" value="Java HotSpot(TM) 64-Bit Server VM"/>
    <property name="file.encoding.pkg" value="sun.io"/>
    <property name="user.script" value=""/>
    <property name="user.country" value="US"/>
    <property name="sun.java.launcher" value="SUN_STANDARD"/>
    <property name="sun.os.patch.level" value="Service Pack 1"/>
    <property name="java.vm.specification.name" value="Java Virtual Machine Specification"/>
    <property name="user.dir" value="C:\Users\Carson\My Stuff\Projects\Eclipse\warehouse-manager"/>
    <property name="java.runtime.version" value="1.7.0_51-b13"/>
    <property name="java.awt.graphicsenv" value="sun.awt.Win32GraphicsEnvironment"/>
    <property name="java.endorsed.dirs" value="C:\Program Files\Java\jdk1.7.0_51\jre\lib\endorsed"/>
    <property name="os.arch" value="amd64"/>
    <property name="java.io.tmpdir" value="C:\Users\Carson\AppData\Local\Temp\"/>
    <property name="line.separator" value="&#10;"/>
    <property name="java.vm.specification.vendor" value="Oracle Corporation"/>
    <property name="user.variant" value=""/>
    <property name="os.name" value="Windows 7"/>
    <property name="classworlds.conf" value="C:\Program Files\Apache Software Foundation\apache-maven-3.2.5\bin\..\bin\m2.conf"/>
    <property name="sun.jnu.encoding" value="Cp1252"/>
    <property name="java.library.path" value="C:\Program Files\Java\jdk1.7.0_51\bin;C:\Windows\Sun\Java\bin;C:\Windows\system32;C:\Windows;C:\Program Files (x86)\NVIDIA Corporation\PhysX\Common;C:\MinGW\bin;C:\MinGW\mingw32\bin;C:\Program Files\Common Files\Microsoft Shared\Windows Live;C:\Program Files (x86)\Common Files\Microsoft Shared\Windows Live;c:\Program Files (x86)\Intel\iCLS Client\;c:\Program Files\Intel\iCLS Client\;C:\Windows\system32;C:\Windows;C:\Windows\System32\Wbem;C:\Windows\System32\WindowsPowerShell\v1.0\;C:\Program Files (x86)\Windows Live\Shared;C:\Program Files (x86)\MKVToolNix;C:\Program Files (x86)\Microsoft SQL Server\100\Tools\Binn\;C:\Program Files\Microsoft SQL Server\100\Tools\Binn\;C:\Program Files\Microsoft SQL Server\100\DTS\Binn\; C:\Program Files\Java\jdk1.7.0_51\bin; C:\Program Files\Java\jre7\bin;C:\Program Files\Apache Software Foundation\apache-maven-3.2.5\bin;C:\Program Files (x86)\Git\cmd;C:\Program Files (x86)\Git\bin;."/>
    <property name="java.specification.name" value="Java Platform API Specification"/>
    <property name="java.class.version" value="51.0"/>
    <property name="sun.management.compiler" value="HotSpot 64-Bit Tiered Compilers"/>
    <property name="os.version" value="6.1"/>
    <property name="user.home" value="C:\Users\Carson"/>
    <property name="user.timezone" value="America/New_York"/>
    <property name="java.awt.printerjob" value="sun.awt.windows.WPrinterJob"/>
    <property name="java.specification.version" value="1.7"/>
    <property name="file.encoding" value="Cp1252"/>
    <property name="user.name" value="Carson"/>
    <property name="java.class.path" value="C:\Program Files\Apache Software Foundation\apache-maven-3.2.5\bin\..\boot\plexus-classworlds-2.5.2.jar"/>
    <property name="java.vm.specification.version" value="1.7"/>
    <property name="sun.arch.data.model" value="64"/>
    <property name="java.home" value="C:\Program Files\Java\jdk1.7.0_51\jre"/>
    <property name="sun.java.command" value="org.codehaus.plexus.classworlds.launcher.Launcher clean verify"/>
    <property name="java.specification.vendor" value="Oracle Corporation"/>
    <property name="user.language" value="en"/>
    <property name="awt.toolkit" value="sun.awt.windows.WToolkit"/>
    <property name="java.vm.info" value="mixed mode"/>
    <property name="java.version" value="1.7.0_51"/>
    <property name="java.ext.dirs" value="C:\Program Files\Java\jdk1.7.0_51\jre\lib\ext;C:\Windows\Sun\Java\lib\ext"/>
    <property name="sun.boot.class.path" value="C:\Program Files\Java\jdk1.7.0_51\jre\lib\resources.jar;C:\Program Files\Java\jdk1.7.0_51\jre\lib\rt.jar;C:\Program Files\Java\jdk1.7.0_51\jre\lib\sunrsasign.jar;C:\Program Files\Java\jdk1.7.0_51\jre\lib\jsse.jar;C:\Program Files\Java\jdk1.7.0_51\jre\lib\jce.jar;C:\Program Files\Java\jdk1.7.0_51\jre\lib\charsets.jar;C:\Program Files\Java\jdk1.7.0_51\jre\lib\jfr.jar;C:\Program Files\Java\jdk1.7.0_51\jre\classes"/>
    <property name="java.vendor" value="Oracle Corporation"/>
    <property name="maven.home" value="C:\Program Files\Apache Software Foundation\apache-maven-3.2.5\bin\.."/>
    <property name="file.separator" value="\"/>
    <property name="java.vendor.url.bug" value="http://bugreport.sun.com/bugreport/"/>
    <property name="sun.cpu.endian" value="little"/>
    <property name="sun.io.unicode.encoding" value="UnicodeLittle"/>
    <property name="sun.desktop" value="windows"/>
    <property name="sun.cpu.isalist" value="amd64"/>
  </properties>
  <testcase name="testAddCustomer" classname="project.warehouse_manager.DualWarehouseManagerTest" time="0">
    <error type="java.lang.RuntimeException:">java.lang.RuntimeException: null
	at project.warehouse_manager.DualWarehouseManagerTest.testAddCustomer(DualWarehouseManagerTest.java:36)
</error>
  </testcase>
  <testcase name="testGetLargeWarehouse" classname="project.warehouse_manager.DualWarehouseManagerTest" time="0">
    <error type="java.lang.RuntimeException:">java.lang.RuntimeException: null
	at project.warehouse_manager.DualWarehouseManagerTest.testGetLargeWarehouse(DualWarehouseManagerTest.java:26)
</error>
  </testcase>
  <testcase name="testWarehouseManager" classname="project.warehouse_manager.DualWarehouseManagerTest" time="0">
    <error type="java.lang.RuntimeException:">java.lang.RuntimeException: null
	at project.warehouse_manager.DualWarehouseManagerTest.testWarehouseManager(DualWarehouseManagerTest.java:16)
</error>
  </testcase>
  <testcase name="testAddUnitToCustomer" classname="project.warehouse_manager.DualWarehouseManagerTest" time="0">
    <error type="java.lang.RuntimeException:">java.lang.RuntimeException: null
	at project.warehouse_manager.DualWarehouseManagerTest.testAddUnitToCustomer(DualWarehouseManagerTest.java:46)
</error>
  </testcase>
  <testcase name="testDeleteUnitFromCustomer" classname="project.warehouse_manager.DualWarehouseManagerTest" time="0">
    <error type="java.lang.RuntimeException:">java.lang.RuntimeException: null
	at project.warehouse_manager.DualWarehouseManagerTest.testDeleteUnitFromCustomer(DualWarehouseManagerTest.java:51)
</error>
  </testcase>
  <testcase name="testMoveUnit" classname="project.warehouse_manager.DualWarehouseManagerTest" time="0">
    <error type="java.lang.RuntimeException:">java.lang.RuntimeException: null
	at project.warehouse_manager.DualWarehouseManagerTest.testMoveUnit(DualWarehouseManagerTest.java:56)
</error>
  </testcase>
  <testcase name="testGetSmallWarehouse" classname="project.warehouse_manager.DualWarehouseManagerTest" time="0">
    <error type="java.lang.RuntimeException:">java.lang.RuntimeException: null
	at project.warehouse_manager.DualWarehouseManagerTest.testGetSmallWarehouse(DualWarehouseManagerTest.java:21)
</error>
  </testcase>
  <testcase name="testDeleteCustomer" classname="project.warehouse_manager.DualWarehouseManagerTest" time="0">
    <error type="java.lang.RuntimeException:">java.lang.RuntimeException: null
	at project.warehouse_manager.DualWarehouseManagerTest.testDeleteCustomer(DualWarehouseManagerTest.java:41)
</error>
  </testcase>
  <testcase name="testGetCustomer" classname="project.warehouse_manager.DualWarehouseManagerTest" time="0">
    <error type="java.lang.RuntimeException:">java.lang.RuntimeException: null
	at project.warehouse_manager.DualWarehouseManagerTest.testGetCustomer(DualWarehouseManagerTest.java:31)
</error>
  </testcase>
</testsuite>