<?xml version="1.0" encoding="UTF-8"?>
<testsuite name="project.warehouse_manager.UnitTest" time="0.439" tests="22" errors="0" skipped="0" failures="0">
  <properties>
[...]
</properties>
  <testcase name="testChangePickupDate" classname="project.warehouse_manager.UnitTest" time="0.001"/>
  <testcase name="testGetAllLargeWarehouseUnits" classname="project.warehouse_manager.UnitTest" time="0"/>
  <testcase name="testGetEmptyUnitsInLarge" classname="project.warehouse_manager.UnitTest" time="0"/>
  <testcase name="testGetEmptyUnitsInSmall" classname="project.warehouse_manager.UnitTest" time="0"/>
  <testcase name="testPurgeSmall" classname="project.warehouse_manager.UnitTest" time="0"/>
  <testcase name="testEmptyUnitByCustomer" classname="project.warehouse_manager.UnitTest" time="0.009"/>
  <testcase name="testDisplayLargeWarehouseData" classname="project.warehouse_manager.UnitTest" time="0.009"/>
  <testcase name="testGetNumberOfUnitsOwnedInSmallByCustomerId" classname="project.warehouse_manager.UnitTest" time="0.002"/>
  <testcase name="testTotalUnitsByCustomer" classname="project.warehouse_manager.UnitTest" time="0.001"/>
  <testcase name="testDisplaySmallWarehouseData" classname="project.warehouse_manager.UnitTest" time="0.003"/>
  <testcase name="testGetCustomerUnitsInLarge" classname="project.warehouse_manager.UnitTest" time="0.001"/>
  <testcase name="testGetCustomerUnitsInSmall" classname="project.warehouse_manager.UnitTest" time="0.001"/>
  <testcase name="testGetAllSmallWarehouseUnits" classname="project.warehouse_manager.UnitTest" time="0.002"/>
  <testcase name="testFillUnit" classname="project.warehouse_manager.UnitTest" time="0.01"/>
  <testcase name="testUnitsById" classname="project.warehouse_manager.UnitTest" time="0.001"/>
  <testcase name="testRepopulateTables" classname="project.warehouse_manager.UnitTest" time="0.373"/>
  <testcase name="testRemoveUnit" classname="project.warehouse_manager.UnitTest" time="0.008"/>
  <testcase name="testGetNumberOfUnitsOwnedInLargeByCustomerId" classname="project.warehouse_manager.UnitTest" time="0.001"/>
  <testcase name="testNumberOfItemsInQueue" classname="project.warehouse_manager.UnitTest" time="0.011"/>
  <testcase name="testGetNumberOfEmptyUnitsInLarge" classname="project.warehouse_manager.UnitTest" time="0"/>
  <testcase name="testGetNumberOfEmptyUnitsInSmall" classname="project.warehouse_manager.UnitTest" time="0"/>
  <testcase name="testChangeDescription" classname="project.warehouse_manager.UnitTest" time="0.006"/>
</testsuite>