<?xml version="1.0" encoding="UTF-8"?>
<testsuite name="project.warehouse_manager.DualWarehouseManagerTest" time="0" tests="9" errors="9" skipped="0" failures="0">
  <properties>
[...]
</properties>
  <testcase name="testAddCustomer" classname="project.warehouse_manager.DualWarehouseManagerTest" time="0">
    <error type="java.lang.RuntimeException:">java.lang.RuntimeException: null
	at project.warehouse_manager.DualWarehouseManagerTest.testAddCustomer(DualWarehouseManagerTest.java:36)
</error>
  </testcase>
  <testcase name="testGetLargeWarehouse" classname="project.warehouse_manager.DualWarehouseManagerTest" time="0">
    <error type="java.lang.RuntimeException:">java.lang.RuntimeException: null
	at project.warehouse_manager.DualWarehouseManagerTest.testGetLargeWarehouse(DualWarehouseManagerTest.java:26)
</error>
  </testcase>
  <testcase name="testWarehouseManager" classname="project.warehouse_manager.DualWarehouseManagerTest" time="0">
    <error type="java.lang.RuntimeException:">java.lang.RuntimeException: null
	at project.warehouse_manager.DualWarehouseManagerTest.testWarehouseManager(DualWarehouseManagerTest.java:16)
</error>
  </testcase>
  <testcase name="testAddUnitToCustomer" classname="project.warehouse_manager.DualWarehouseManagerTest" time="0">
    <error type="java.lang.RuntimeException:">java.lang.RuntimeException: null
	at project.warehouse_manager.DualWarehouseManagerTest.testAddUnitToCustomer(DualWarehouseManagerTest.java:46)
</error>
  </testcase>
  <testcase name="testDeleteUnitFromCustomer" classname="project.warehouse_manager.DualWarehouseManagerTest" time="0">
    <error type="java.lang.RuntimeException:">java.lang.RuntimeException: null
	at project.warehouse_manager.DualWarehouseManagerTest.testDeleteUnitFromCustomer(DualWarehouseManagerTest.java:51)
</error>
  </testcase>
  <testcase name="testMoveUnit" classname="project.warehouse_manager.DualWarehouseManagerTest" time="0">
    <error type="java.lang.RuntimeException:">java.lang.RuntimeException: null
	at project.warehouse_manager.DualWarehouseManagerTest.testMoveUnit(DualWarehouseManagerTest.java:56)
</error>
  </testcase>
  <testcase name="testGetSmallWarehouse" classname="project.warehouse_manager.DualWarehouseManagerTest" time="0">
    <error type="java.lang.RuntimeException:">java.lang.RuntimeException: null
	at project.warehouse_manager.DualWarehouseManagerTest.testGetSmallWarehouse(DualWarehouseManagerTest.java:21)
</error>
  </testcase>
  <testcase name="testDeleteCustomer" classname="project.warehouse_manager.DualWarehouseManagerTest" time="0">
    <error type="java.lang.RuntimeException:">java.lang.RuntimeException: null
	at project.warehouse_manager.DualWarehouseManagerTest.testDeleteCustomer(DualWarehouseManagerTest.java:41)
</error>
  </testcase>
  <testcase name="testGetCustomer" classname="project.warehouse_manager.DualWarehouseManagerTest" time="0">
    <error type="java.lang.RuntimeException:">java.lang.RuntimeException: null
	at project.warehouse_manager.DualWarehouseManagerTest.testGetCustomer(DualWarehouseManagerTest.java:31)
</error>
  </testcase>
</testsuite>